Determining if the pthread_create exist failed with the following output:
Change Dir: /home/epcl/main_ws/build/CMakeFiles/CMakeTmp

Run Build Command:"/usr/bin/make" "cmTC_129aa/fast"
/usr/bin/make -f CMakeFiles/cmTC_129aa.dir/build.make CMakeFiles/cmTC_129aa.dir/build
make[1]: Entering directory '/home/epcl/main_ws/build/CMakeFiles/CMakeTmp'
Building C object CMakeFiles/cmTC_129aa.dir/CheckSymbolExists.c.o
/usr/bin/cc    -o CMakeFiles/cmTC_129aa.dir/CheckSymbolExists.c.o   -c /home/epcl/main_ws/build/CMakeFiles/CMakeTmp/CheckSymbolExists.c
Linking C executable cmTC_129aa
/usr/bin/cmake -E cmake_link_script CMakeFiles/cmTC_129aa.dir/link.txt --verbose=1
/usr/bin/cc      -rdynamic CMakeFiles/cmTC_129aa.dir/CheckSymbolExists.c.o  -o cmTC_129aa 
CMakeFiles/cmTC_129aa.dir/CheckSymbolExists.c.o: In function `main':
CheckSymbolExists.c:(.text+0x1b): undefined reference to `pthread_create'
collect2: error: ld returned 1 exit status
CMakeFiles/cmTC_129aa.dir/build.make:97: recipe for target 'cmTC_129aa' failed
make[1]: *** [cmTC_129aa] Error 1
make[1]: Leaving directory '/home/epcl/main_ws/build/CMakeFiles/CMakeTmp'
Makefile:126: recipe for target 'cmTC_129aa/fast' failed
make: *** [cmTC_129aa/fast] Error 2

File /home/epcl/main_ws/build/CMakeFiles/CMakeTmp/CheckSymbolExists.c:
/* */
#include <pthread.h>

int main(int argc, char** argv)
{
  (void)argv;
#ifndef pthread_create
  return ((int*)(&pthread_create))[argc];
#else
  (void)argc;
  return 0;
#endif
}

Determining if the function pthread_create exists in the pthreads failed with the following output:
Change Dir: /home/epcl/main_ws/build/CMakeFiles/CMakeTmp

Run Build Command:"/usr/bin/make" "cmTC_74944/fast"
/usr/bin/make -f CMakeFiles/cmTC_74944.dir/build.make CMakeFiles/cmTC_74944.dir/build
make[1]: Entering directory '/home/epcl/main_ws/build/CMakeFiles/CMakeTmp'
Building C object CMakeFiles/cmTC_74944.dir/CheckFunctionExists.c.o
/usr/bin/cc   -DCHECK_FUNCTION_EXISTS=pthread_create   -o CMakeFiles/cmTC_74944.dir/CheckFunctionExists.c.o   -c /usr/share/cmake-3.10/Modules/CheckFunctionExists.c
Linking C executable cmTC_74944
/usr/bin/cmake -E cmake_link_script CMakeFiles/cmTC_74944.dir/link.txt --verbose=1
/usr/bin/cc  -DCHECK_FUNCTION_EXISTS=pthread_create    -rdynamic CMakeFiles/cmTC_74944.dir/CheckFunctionExists.c.o  -o cmTC_74944 -lpthreads 
/usr/bin/ld: cannot find -lpthreads
collect2: error: ld returned 1 exit status
CMakeFiles/cmTC_74944.dir/build.make:97: recipe for target 'cmTC_74944' failed
make[1]: *** [cmTC_74944] Error 1
make[1]: Leaving directory '/home/epcl/main_ws/build/CMakeFiles/CMakeTmp'
Makefile:126: recipe for target 'cmTC_74944/fast' failed
make: *** [cmTC_74944/fast] Error 2


